2025-03-13T10:59:18.884+0800	INFO	initial/entdb.go:18	连接Ent数据库完成
2025-03-13T10:59:18.910+0800	INFO	initial/entdb.go:23	自动迁移Ent数据库完成
2025-03-13T10:59:18.912+0800	INFO	sifu-cert/main.go:29	初始化sqlite数据库客户端完成
2025-03-13T10:59:18.913+0800	INFO	sifu-cert/main.go:31	初始化buntdb内存数据库客户端完成
2025-03-13T11:00:56.410+0800	INFO	initial/entdb.go:18	连接Ent数据库完成
2025-03-13T11:00:56.419+0800	INFO	initial/entdb.go:23	自动迁移Ent数据库完成
2025-03-13T11:00:56.420+0800	INFO	sifu-cert/main.go:29	初始化sqlite数据库客户端完成
2025-03-13T11:00:56.420+0800	INFO	sifu-cert/main.go:31	初始化buntdb内存数据库客户端完成
2025-03-13T11:28:29.943+0800	INFO	initial/entdb.go:18	连接Ent数据库完成
2025-03-13T11:28:29.953+0800	INFO	initial/entdb.go:23	自动迁移Ent数据库完成
2025-03-13T11:28:29.953+0800	INFO	sifu-cert/main.go:28	初始化sqlite数据库客户端完成
2025-03-13T11:28:29.953+0800	INFO	sifu-cert/main.go:30	初始化buntdb内存数据库客户端完成
2025-03-13T11:29:43.124+0800	INFO	initial/entdb.go:18	连接Ent数据库完成
2025-03-13T11:29:43.133+0800	INFO	initial/entdb.go:23	自动迁移Ent数据库完成
2025-03-13T11:29:43.133+0800	INFO	sifu-cert/main.go:28	初始化sqlite数据库客户端完成
2025-03-13T11:29:43.134+0800	INFO	sifu-cert/main.go:30	初始化buntdb内存数据库客户端完成
2025-03-13T11:29:54.787+0800	INFO	initial/entdb.go:18	连接Ent数据库完成
2025-03-13T11:29:54.797+0800	INFO	initial/entdb.go:23	自动迁移Ent数据库完成
2025-03-13T11:29:54.797+0800	INFO	sifu-cert/main.go:28	初始化sqlite数据库客户端完成
2025-03-13T11:29:54.797+0800	INFO	sifu-cert/main.go:30	初始化buntdb内存数据库客户端完成
2025-03-13T11:31:13.300+0800	INFO	initial/entdb.go:18	连接Ent数据库完成
2025-03-13T11:31:13.310+0800	INFO	initial/entdb.go:23	自动迁移Ent数据库完成
2025-03-13T11:31:13.310+0800	INFO	sifu-cert/main.go:28	初始化sqlite数据库客户端完成
2025-03-13T11:31:13.311+0800	INFO	sifu-cert/main.go:30	初始化buntdb内存数据库客户端完成
2025-03-13T11:43:12.275+0800	INFO	initial/entdb.go:18	连接Ent数据库完成
2025-03-13T11:43:12.283+0800	INFO	initial/entdb.go:23	自动迁移Ent数据库完成
2025-03-13T11:43:12.284+0800	INFO	sifu-cert/main.go:28	初始化sqlite数据库客户端完成
2025-03-13T11:43:12.284+0800	INFO	sifu-cert/main.go:30	初始化buntdb内存数据库客户端完成
2025-03-13T11:47:52.519+0800	INFO	initial/entdb.go:18	连接Ent数据库完成
2025-03-13T11:47:52.529+0800	INFO	initial/entdb.go:23	自动迁移Ent数据库完成
2025-03-13T11:47:52.529+0800	INFO	sifu-cert/main.go:27	初始化sqlite数据库客户端完成
2025-03-13T11:47:52.529+0800	INFO	sifu-cert/main.go:29	初始化buntdb内存数据库客户端完成
2025-03-13T14:19:40.799+0800	INFO	initial/entdb.go:18	连接Ent数据库完成
2025-03-13T14:19:40.809+0800	INFO	initial/entdb.go:23	自动迁移Ent数据库完成
2025-03-13T14:19:40.809+0800	INFO	sifu-cert/main.go:31	初始化sqlite数据库客户端完成
2025-03-13T14:19:40.809+0800	INFO	sifu-cert/main.go:33	初始化buntdb内存数据库客户端完成
2025-03-13T14:19:40.809+0800	FATAL	sifu-cert/main.go:36	读取配置文件失败: Unsupported Config Type ""
2025-03-13T14:20:45.947+0800	INFO	initial/entdb.go:18	连接Ent数据库完成
2025-03-13T14:20:45.957+0800	INFO	initial/entdb.go:23	自动迁移Ent数据库完成
2025-03-13T14:20:45.957+0800	INFO	sifu-cert/main.go:31	初始化sqlite数据库客户端完成
2025-03-13T14:20:45.957+0800	INFO	sifu-cert/main.go:33	初始化buntdb内存数据库客户端完成
2025-03-13T14:21:41.091+0800	INFO	initial/entdb.go:18	连接Ent数据库完成
2025-03-13T14:21:41.100+0800	INFO	initial/entdb.go:23	自动迁移Ent数据库完成
2025-03-13T14:21:41.101+0800	INFO	sifu-cert/main.go:31	初始化sqlite数据库客户端完成
2025-03-13T14:21:41.101+0800	INFO	sifu-cert/main.go:33	初始化buntdb内存数据库客户端完成
2025-03-13T14:23:10.875+0800	INFO	initial/entdb.go:18	连接Ent数据库完成
2025-03-13T14:23:10.884+0800	INFO	initial/entdb.go:23	自动迁移Ent数据库完成
2025-03-13T14:23:10.885+0800	INFO	sifu-cert/main.go:31	初始化sqlite数据库客户端完成
2025-03-13T14:23:10.885+0800	INFO	sifu-cert/main.go:33	初始化buntdb内存数据库客户端完成
2025-03-13T14:30:15.737+0800	INFO	initial/entdb.go:18	连接Ent数据库完成
2025-03-13T14:30:15.747+0800	INFO	initial/entdb.go:23	自动迁移Ent数据库完成
2025-03-13T14:30:15.747+0800	INFO	sifu-cert/main.go:32	初始化sqlite数据库客户端完成
2025-03-13T14:30:15.748+0800	INFO	sifu-cert/main.go:34	初始化buntdb内存数据库客户端完成
2025-03-13T14:30:15.748+0800	INFO	sifu-cert/main.go:44	加载配置文件完成
2025-03-13T14:53:17.354+0800	INFO	initial/entdb.go:18	连接Ent数据库完成
2025-03-13T14:53:17.365+0800	INFO	initial/entdb.go:23	自动迁移Ent数据库完成
2025-03-13T14:53:17.365+0800	INFO	sifu-cert/main.go:32	初始化sqlite数据库客户端完成
2025-03-13T14:53:17.365+0800	INFO	sifu-cert/main.go:34	初始化buntdb内存数据库客户端完成
2025-03-13T14:53:17.365+0800	INFO	sifu-cert/main.go:44	加载配置文件完成
2025-03-13T14:53:37.881+0800	INFO	initial/entdb.go:18	连接Ent数据库完成
2025-03-13T14:53:37.890+0800	INFO	initial/entdb.go:23	自动迁移Ent数据库完成
2025-03-13T14:53:37.890+0800	INFO	sifu-cert/main.go:32	初始化sqlite数据库客户端完成
2025-03-13T14:53:37.891+0800	INFO	sifu-cert/main.go:34	初始化buntdb内存数据库客户端完成
2025-03-13T14:53:37.891+0800	INFO	sifu-cert/main.go:44	加载配置文件完成
2025-03-13T14:53:58.499+0800	INFO	initial/entdb.go:18	连接Ent数据库完成
2025-03-13T14:53:58.509+0800	INFO	initial/entdb.go:23	自动迁移Ent数据库完成
2025-03-13T14:53:58.509+0800	INFO	sifu-cert/main.go:32	初始化sqlite数据库客户端完成
2025-03-13T14:53:58.509+0800	INFO	sifu-cert/main.go:34	初始化buntdb内存数据库客户端完成
2025-03-13T14:53:58.510+0800	INFO	sifu-cert/main.go:44	加载配置文件完成
2025-03-13T15:18:38.695+0800	INFO	initial/entdb.go:18	连接Ent数据库完成
2025-03-13T15:18:38.704+0800	INFO	initial/entdb.go:23	自动迁移Ent数据库完成
2025-03-13T15:18:38.705+0800	INFO	sifu-cert/main.go:33	初始化sqlite数据库客户端完成
2025-03-13T15:18:38.705+0800	INFO	sifu-cert/main.go:35	初始化buntdb内存数据库客户端完成
2025-03-13T15:18:38.705+0800	INFO	sifu-cert/main.go:45	加载配置文件完成
2025-03-13T15:20:15.442+0800	INFO	initial/entdb.go:18	连接Ent数据库完成
2025-03-13T15:20:15.451+0800	INFO	initial/entdb.go:23	自动迁移Ent数据库完成
2025-03-13T15:20:15.452+0800	INFO	sifu-cert/main.go:33	初始化sqlite数据库客户端完成
2025-03-13T15:20:15.452+0800	INFO	sifu-cert/main.go:35	初始化buntdb内存数据库客户端完成
2025-03-13T15:20:15.452+0800	INFO	sifu-cert/main.go:45	加载配置文件完成
2025-03-14T11:32:22.401+0800	INFO	initial/entdb.go:18	连接Ent数据库完成
2025-03-14T11:32:22.439+0800	INFO	initial/entdb.go:23	自动迁移Ent数据库完成
2025-03-14T11:32:22.439+0800	INFO	sifu-cert/main.go:35	初始化sqlite数据库客户端完成
2025-03-14T11:32:22.439+0800	INFO	sifu-cert/main.go:37	初始化buntdb内存数据库客户端完成
2025-03-14T11:32:22.440+0800	FATAL	sifu-cert/main.go:44	解析配置文件失败: 2 error(s) decoding:

* 'DDNS.V4API' expected type 'string', got unconvertible type '[]interface {}', value: '[https://api.ipify.org?format=json]'
* 'DDNS.V6API' expected type 'string', got unconvertible type '[]interface {}', value: '[https://api6.ipify.org?format=json]'
2025-03-14T11:36:01.174+0800	INFO	initial/entdb.go:18	连接Ent数据库完成
2025-03-14T11:36:01.184+0800	INFO	initial/entdb.go:23	自动迁移Ent数据库完成
2025-03-14T11:36:01.184+0800	INFO	sifu-cert/main.go:33	初始化sqlite数据库客户端完成
2025-03-14T11:36:01.184+0800	INFO	sifu-cert/main.go:35	初始化buntdb内存数据库客户端完成
2025-03-14T11:36:01.185+0800	FATAL	sifu-cert/main.go:42	解析配置文件失败: 2 error(s) decoding:

* 'DDNS.V4API' expected type 'string', got unconvertible type '[]interface {}', value: '[https://api.ipify.org?format=json]'
* 'DDNS.V6API' expected type 'string', got unconvertible type '[]interface {}', value: '[https://api6.ipify.org?format=json]'
2025-03-14T11:37:06.133+0800	INFO	initial/entdb.go:18	连接Ent数据库完成
2025-03-14T11:37:06.144+0800	INFO	initial/entdb.go:23	自动迁移Ent数据库完成
2025-03-14T11:37:06.144+0800	INFO	sifu-cert/main.go:35	初始化sqlite数据库客户端完成
2025-03-14T11:37:06.144+0800	INFO	sifu-cert/main.go:37	初始化buntdb内存数据库客户端完成
2025-03-14T11:37:06.144+0800	INFO	sifu-cert/main.go:47	加载配置文件完成
2025-03-14T11:37:49.061+0800	INFO	initial/entdb.go:18	连接Ent数据库完成
2025-03-14T11:37:49.070+0800	INFO	initial/entdb.go:23	自动迁移Ent数据库完成
2025-03-14T11:37:49.071+0800	INFO	sifu-cert/main.go:35	初始化sqlite数据库客户端完成
2025-03-14T11:37:49.071+0800	INFO	sifu-cert/main.go:37	初始化buntdb内存数据库客户端完成
2025-03-14T11:37:49.072+0800	INFO	sifu-cert/main.go:47	加载配置文件完成
2025-03-14T11:38:09.819+0800	INFO	initial/entdb.go:18	连接Ent数据库完成
2025-03-14T11:38:09.829+0800	INFO	initial/entdb.go:23	自动迁移Ent数据库完成
2025-03-14T11:38:09.829+0800	INFO	sifu-cert/main.go:35	初始化sqlite数据库客户端完成
2025-03-14T11:38:09.830+0800	INFO	sifu-cert/main.go:37	初始化buntdb内存数据库客户端完成
2025-03-14T11:38:09.830+0800	INFO	sifu-cert/main.go:47	加载配置文件完成
2025-03-14T11:39:32.664+0800	INFO	initial/entdb.go:18	连接Ent数据库完成
2025-03-14T11:39:32.674+0800	INFO	initial/entdb.go:23	自动迁移Ent数据库完成
2025-03-14T11:39:32.674+0800	INFO	sifu-cert/main.go:35	初始化sqlite数据库客户端完成
2025-03-14T11:39:32.674+0800	INFO	sifu-cert/main.go:37	初始化buntdb内存数据库客户端完成
2025-03-14T11:39:32.675+0800	INFO	sifu-cert/main.go:47	加载配置文件完成
2025-03-14T11:51:31.311+0800	INFO	initial/entdb.go:18	连接Ent数据库完成
2025-03-14T11:51:31.321+0800	INFO	initial/entdb.go:23	自动迁移Ent数据库完成
2025-03-14T11:51:31.321+0800	INFO	sifu-cert/main.go:35	初始化sqlite数据库客户端完成
2025-03-14T11:51:31.321+0800	INFO	sifu-cert/main.go:37	初始化buntdb内存数据库客户端完成
2025-03-14T11:51:31.322+0800	INFO	sifu-cert/main.go:47	加载配置文件完成
2025-03-14T11:51:46.086+0800	INFO	initial/entdb.go:18	连接Ent数据库完成
2025-03-14T11:51:46.095+0800	INFO	initial/entdb.go:23	自动迁移Ent数据库完成
2025-03-14T11:51:46.095+0800	INFO	sifu-cert/main.go:35	初始化sqlite数据库客户端完成
2025-03-14T11:51:46.096+0800	INFO	sifu-cert/main.go:37	初始化buntdb内存数据库客户端完成
2025-03-14T11:51:46.096+0800	INFO	sifu-cert/main.go:47	加载配置文件完成
2025-03-14T11:51:57.276+0800	INFO	initial/entdb.go:18	连接Ent数据库完成
2025-03-14T11:51:57.289+0800	INFO	initial/entdb.go:23	自动迁移Ent数据库完成
2025-03-14T11:51:57.289+0800	INFO	sifu-cert/main.go:35	初始化sqlite数据库客户端完成
2025-03-14T11:51:57.289+0800	INFO	sifu-cert/main.go:37	初始化buntdb内存数据库客户端完成
2025-03-14T11:51:57.289+0800	INFO	sifu-cert/main.go:47	加载配置文件完成
2025-03-14T12:09:49.990+0800	INFO	initial/entdb.go:18	连接Ent数据库完成
2025-03-14T12:09:50.000+0800	INFO	initial/entdb.go:23	自动迁移Ent数据库完成
2025-03-14T12:09:50.001+0800	INFO	sifu-cert/main.go:35	初始化sqlite数据库客户端完成
2025-03-14T12:09:50.001+0800	INFO	sifu-cert/main.go:37	初始化buntdb内存数据库客户端完成
2025-03-14T12:09:50.002+0800	INFO	sifu-cert/main.go:47	加载配置文件完成
2025-03-14T12:10:10.200+0800	INFO	initial/entdb.go:18	连接Ent数据库完成
2025-03-14T12:10:10.209+0800	INFO	initial/entdb.go:23	自动迁移Ent数据库完成
2025-03-14T12:10:10.209+0800	INFO	sifu-cert/main.go:35	初始化sqlite数据库客户端完成
2025-03-14T12:10:10.209+0800	INFO	sifu-cert/main.go:37	初始化buntdb内存数据库客户端完成
2025-03-14T12:10:10.210+0800	INFO	sifu-cert/main.go:47	加载配置文件完成
2025-03-14T12:10:39.174+0800	INFO	initial/entdb.go:18	连接Ent数据库完成
2025-03-14T12:10:39.184+0800	INFO	initial/entdb.go:23	自动迁移Ent数据库完成
2025-03-14T12:10:39.184+0800	INFO	sifu-cert/main.go:35	初始化sqlite数据库客户端完成
2025-03-14T12:10:39.184+0800	INFO	sifu-cert/main.go:37	初始化buntdb内存数据库客户端完成
2025-03-14T12:10:39.185+0800	INFO	sifu-cert/main.go:47	加载配置文件完成
2025-03-14T12:12:00.400+0800	INFO	initial/entdb.go:18	连接Ent数据库完成
2025-03-14T12:12:00.409+0800	INFO	initial/entdb.go:23	自动迁移Ent数据库完成
2025-03-14T12:12:00.409+0800	INFO	sifu-cert/main.go:35	初始化sqlite数据库客户端完成
2025-03-14T12:12:00.409+0800	INFO	sifu-cert/main.go:37	初始化buntdb内存数据库客户端完成
2025-03-14T12:12:00.410+0800	INFO	sifu-cert/main.go:47	加载配置文件完成
2025-03-14T12:12:28.816+0800	INFO	initial/entdb.go:18	连接Ent数据库完成
2025-03-14T12:12:28.824+0800	INFO	initial/entdb.go:23	自动迁移Ent数据库完成
2025-03-14T12:12:28.825+0800	INFO	sifu-cert/main.go:35	初始化sqlite数据库客户端完成
2025-03-14T12:12:28.825+0800	INFO	sifu-cert/main.go:37	初始化buntdb内存数据库客户端完成
2025-03-14T12:12:28.826+0800	INFO	sifu-cert/main.go:47	加载配置文件完成
2025-03-14T12:13:55.357+0800	INFO	initial/entdb.go:18	连接Ent数据库完成
2025-03-14T12:13:55.367+0800	INFO	initial/entdb.go:23	自动迁移Ent数据库完成
2025-03-14T12:13:55.367+0800	INFO	sifu-cert/main.go:35	初始化sqlite数据库客户端完成
2025-03-14T12:13:55.367+0800	INFO	sifu-cert/main.go:37	初始化buntdb内存数据库客户端完成
2025-03-14T12:13:55.367+0800	INFO	sifu-cert/main.go:47	加载配置文件完成
2025-03-14T12:16:29.483+0800	INFO	initial/entdb.go:18	连接Ent数据库完成
2025-03-14T12:16:29.493+0800	INFO	initial/entdb.go:23	自动迁移Ent数据库完成
2025-03-14T12:16:29.493+0800	INFO	sifu-cert/main.go:35	初始化sqlite数据库客户端完成
2025-03-14T12:16:29.493+0800	INFO	sifu-cert/main.go:37	初始化buntdb内存数据库客户端完成
2025-03-14T12:16:29.493+0800	INFO	sifu-cert/main.go:47	加载配置文件完成
2025-03-14T12:18:13.671+0800	INFO	initial/entdb.go:18	连接Ent数据库完成
2025-03-14T12:18:13.681+0800	INFO	initial/entdb.go:23	自动迁移Ent数据库完成
2025-03-14T12:18:13.681+0800	INFO	sifu-cert/main.go:35	初始化sqlite数据库客户端完成
2025-03-14T12:18:13.681+0800	INFO	sifu-cert/main.go:37	初始化buntdb内存数据库客户端完成
2025-03-14T12:18:13.681+0800	INFO	sifu-cert/main.go:47	加载配置文件完成
2025-03-14T13:14:58.408+0800	INFO	initial/entdb.go:18	连接Ent数据库完成
2025-03-14T13:14:58.418+0800	INFO	initial/entdb.go:23	自动迁移Ent数据库完成
2025-03-14T13:14:58.418+0800	INFO	sifu-cert/main.go:35	初始化sqlite数据库客户端完成
2025-03-14T13:14:58.419+0800	INFO	sifu-cert/main.go:37	初始化buntdb内存数据库客户端完成
2025-03-14T13:14:58.419+0800	INFO	sifu-cert/main.go:47	加载配置文件完成
2025-03-14T13:17:35.206+0800	INFO	initial/entdb.go:18	连接Ent数据库完成
2025-03-14T13:17:35.215+0800	INFO	initial/entdb.go:23	自动迁移Ent数据库完成
2025-03-14T13:17:35.215+0800	INFO	sifu-cert/main.go:35	初始化sqlite数据库客户端完成
2025-03-14T13:17:35.215+0800	INFO	sifu-cert/main.go:37	初始化buntdb内存数据库客户端完成
2025-03-14T13:17:35.216+0800	INFO	sifu-cert/main.go:47	加载配置文件完成
2025-03-14T13:21:16.024+0800	INFO	initial/entdb.go:18	连接Ent数据库完成
2025-03-14T13:21:16.034+0800	INFO	initial/entdb.go:23	自动迁移Ent数据库完成
2025-03-14T13:21:16.034+0800	INFO	sifu-cert/main.go:35	初始化sqlite数据库客户端完成
2025-03-14T13:21:16.034+0800	INFO	sifu-cert/main.go:37	初始化buntdb内存数据库客户端完成
2025-03-14T13:21:16.035+0800	INFO	sifu-cert/main.go:47	加载配置文件完成
2025-03-14T13:24:14.679+0800	INFO	initial/entdb.go:18	连接Ent数据库完成
2025-03-14T13:24:14.688+0800	INFO	initial/entdb.go:23	自动迁移Ent数据库完成
2025-03-14T13:24:14.688+0800	INFO	sifu-cert/main.go:35	初始化sqlite数据库客户端完成
2025-03-14T13:24:14.689+0800	INFO	sifu-cert/main.go:37	初始化buntdb内存数据库客户端完成
2025-03-14T13:24:14.690+0800	INFO	sifu-cert/main.go:47	加载配置文件完成
2025-03-14T13:26:15.343+0800	INFO	initial/entdb.go:18	连接Ent数据库完成
2025-03-14T13:26:15.353+0800	INFO	initial/entdb.go:23	自动迁移Ent数据库完成
2025-03-14T13:26:15.354+0800	INFO	sifu-cert/main.go:35	初始化sqlite数据库客户端完成
2025-03-14T13:26:15.354+0800	INFO	sifu-cert/main.go:37	初始化buntdb内存数据库客户端完成
2025-03-14T13:26:15.355+0800	INFO	sifu-cert/main.go:47	加载配置文件完成
2025-03-14T13:27:46.038+0800	INFO	initial/entdb.go:18	连接Ent数据库完成
2025-03-14T13:27:46.048+0800	INFO	initial/entdb.go:23	自动迁移Ent数据库完成
2025-03-14T13:27:46.048+0800	INFO	sifu-cert/main.go:35	初始化sqlite数据库客户端完成
2025-03-14T13:27:46.048+0800	INFO	sifu-cert/main.go:37	初始化buntdb内存数据库客户端完成
2025-03-14T13:27:46.049+0800	INFO	sifu-cert/main.go:47	加载配置文件完成
2025-03-14T13:29:42.696+0800	INFO	initial/entdb.go:18	连接Ent数据库完成
2025-03-14T13:29:42.706+0800	INFO	initial/entdb.go:23	自动迁移Ent数据库完成
2025-03-14T13:29:42.706+0800	INFO	sifu-cert/main.go:35	初始化sqlite数据库客户端完成
2025-03-14T13:29:42.706+0800	INFO	sifu-cert/main.go:37	初始化buntdb内存数据库客户端完成
2025-03-14T13:29:42.707+0800	INFO	sifu-cert/main.go:47	加载配置文件完成
2025-03-14T13:33:02.414+0800	INFO	initial/entdb.go:18	连接Ent数据库完成
2025-03-14T13:33:02.424+0800	INFO	initial/entdb.go:23	自动迁移Ent数据库完成
2025-03-14T13:33:02.424+0800	INFO	sifu-cert/main.go:35	初始化sqlite数据库客户端完成
2025-03-14T13:33:02.424+0800	INFO	sifu-cert/main.go:37	初始化buntdb内存数据库客户端完成
2025-03-14T13:33:02.425+0800	INFO	sifu-cert/main.go:47	加载配置文件完成
2025-03-14T13:33:37.861+0800	INFO	initial/entdb.go:18	连接Ent数据库完成
2025-03-14T13:33:37.871+0800	INFO	initial/entdb.go:23	自动迁移Ent数据库完成
2025-03-14T13:33:37.872+0800	INFO	sifu-cert/main.go:35	初始化sqlite数据库客户端完成
2025-03-14T13:33:37.872+0800	INFO	sifu-cert/main.go:37	初始化buntdb内存数据库客户端完成
2025-03-14T13:33:37.872+0800	INFO	sifu-cert/main.go:47	加载配置文件完成
2025-03-14T13:35:27.074+0800	INFO	initial/entdb.go:18	连接Ent数据库完成
2025-03-14T13:35:27.084+0800	INFO	initial/entdb.go:23	自动迁移Ent数据库完成
2025-03-14T13:35:27.084+0800	INFO	sifu-cert/main.go:35	初始化sqlite数据库客户端完成
2025-03-14T13:35:27.084+0800	INFO	sifu-cert/main.go:37	初始化buntdb内存数据库客户端完成
2025-03-14T13:35:27.084+0800	INFO	sifu-cert/main.go:47	加载配置文件完成
2025-03-14T13:37:11.621+0800	INFO	initial/entdb.go:18	连接Ent数据库完成
2025-03-14T13:37:11.631+0800	INFO	initial/entdb.go:23	自动迁移Ent数据库完成
2025-03-14T13:37:11.631+0800	INFO	sifu-cert/main.go:35	初始化sqlite数据库客户端完成
2025-03-14T13:37:11.632+0800	INFO	sifu-cert/main.go:37	初始化buntdb内存数据库客户端完成
2025-03-14T13:37:11.632+0800	INFO	sifu-cert/main.go:47	加载配置文件完成
2025-03-14T13:38:54.411+0800	INFO	initial/entdb.go:18	连接Ent数据库完成
2025-03-14T13:38:54.421+0800	INFO	initial/entdb.go:23	自动迁移Ent数据库完成
2025-03-14T13:38:54.421+0800	INFO	sifu-cert/main.go:35	初始化sqlite数据库客户端完成
2025-03-14T13:38:54.422+0800	INFO	sifu-cert/main.go:37	初始化buntdb内存数据库客户端完成
2025-03-14T13:38:54.423+0800	INFO	sifu-cert/main.go:47	加载配置文件完成
2025-03-14T14:08:54.967+0800	INFO	initial/entdb.go:18	连接Ent数据库完成
2025-03-14T14:08:54.978+0800	INFO	initial/entdb.go:23	自动迁移Ent数据库完成
2025-03-14T14:08:54.978+0800	INFO	sifu-cert/main.go:35	初始化sqlite数据库客户端完成
2025-03-14T14:08:54.979+0800	INFO	sifu-cert/main.go:37	初始化buntdb内存数据库客户端完成
2025-03-14T14:08:54.979+0800	INFO	sifu-cert/main.go:47	加载配置文件完成
2025-03-14T14:11:38.335+0800	INFO	initial/entdb.go:18	连接Ent数据库完成
2025-03-14T14:11:38.346+0800	INFO	initial/entdb.go:23	自动迁移Ent数据库完成
2025-03-14T14:11:38.346+0800	INFO	sifu-cert/main.go:35	初始化sqlite数据库客户端完成
2025-03-14T14:11:38.346+0800	INFO	sifu-cert/main.go:37	初始化buntdb内存数据库客户端完成
2025-03-14T14:11:38.347+0800	INFO	sifu-cert/main.go:47	加载配置文件完成
2025-03-14T14:52:33.615+0800	INFO	initial/entdb.go:18	连接Ent数据库完成
2025-03-14T14:52:33.627+0800	INFO	initial/entdb.go:23	自动迁移Ent数据库完成
2025-03-14T14:52:33.627+0800	INFO	sifu-cert/main.go:35	初始化sqlite数据库客户端完成
2025-03-14T14:52:33.627+0800	INFO	sifu-cert/main.go:37	初始化buntdb内存数据库客户端完成
2025-03-14T14:52:33.639+0800	INFO	sifu-cert/main.go:47	加载配置文件完成
2025-03-14T14:54:58.054+0800	INFO	initial/entdb.go:18	连接Ent数据库完成
2025-03-14T14:54:58.064+0800	INFO	initial/entdb.go:23	自动迁移Ent数据库完成
2025-03-14T14:54:58.064+0800	INFO	sifu-cert/main.go:35	初始化sqlite数据库客户端完成
2025-03-14T14:54:58.065+0800	INFO	sifu-cert/main.go:37	初始化buntdb内存数据库客户端完成
2025-03-14T14:54:58.065+0800	INFO	sifu-cert/main.go:47	加载配置文件完成
2025-03-14T14:56:47.445+0800	INFO	initial/entdb.go:18	连接Ent数据库完成
2025-03-14T14:56:47.454+0800	INFO	initial/entdb.go:23	自动迁移Ent数据库完成
2025-03-14T14:56:47.454+0800	INFO	sifu-cert/main.go:35	初始化sqlite数据库客户端完成
2025-03-14T14:56:47.454+0800	INFO	sifu-cert/main.go:37	初始化buntdb内存数据库客户端完成
2025-03-14T14:56:47.455+0800	INFO	sifu-cert/main.go:47	加载配置文件完成
2025-03-14T15:00:04.974+0800	INFO	initial/entdb.go:18	连接Ent数据库完成
2025-03-14T15:00:04.983+0800	INFO	initial/entdb.go:23	自动迁移Ent数据库完成
2025-03-14T15:00:04.984+0800	INFO	sifu-cert/main.go:35	初始化sqlite数据库客户端完成
2025-03-14T15:00:04.984+0800	INFO	sifu-cert/main.go:37	初始化buntdb内存数据库客户端完成
2025-03-14T15:00:04.984+0800	INFO	sifu-cert/main.go:47	加载配置文件完成
2025-03-14T15:05:22.770+0800	INFO	initial/entdb.go:18	连接Ent数据库完成
2025-03-14T15:05:22.780+0800	INFO	initial/entdb.go:23	自动迁移Ent数据库完成
2025-03-14T15:05:22.780+0800	INFO	sifu-cert/main.go:35	初始化sqlite数据库客户端完成
2025-03-14T15:05:22.780+0800	INFO	sifu-cert/main.go:37	初始化buntdb内存数据库客户端完成
2025-03-14T15:05:22.781+0800	INFO	sifu-cert/main.go:47	加载配置文件完成
2025-03-14T15:06:46.642+0800	INFO	initial/entdb.go:18	连接Ent数据库完成
2025-03-14T15:06:46.651+0800	INFO	initial/entdb.go:23	自动迁移Ent数据库完成
2025-03-14T15:06:46.651+0800	INFO	sifu-cert/main.go:35	初始化sqlite数据库客户端完成
2025-03-14T15:06:46.651+0800	INFO	sifu-cert/main.go:37	初始化buntdb内存数据库客户端完成
2025-03-14T15:06:46.652+0800	INFO	sifu-cert/main.go:47	加载配置文件完成
2025-03-14T15:07:42.908+0800	INFO	initial/entdb.go:18	连接Ent数据库完成
2025-03-14T15:07:42.917+0800	INFO	initial/entdb.go:23	自动迁移Ent数据库完成
2025-03-14T15:07:42.918+0800	INFO	sifu-cert/main.go:35	初始化sqlite数据库客户端完成
2025-03-14T15:07:42.918+0800	INFO	sifu-cert/main.go:37	初始化buntdb内存数据库客户端完成
2025-03-14T15:07:42.919+0800	INFO	sifu-cert/main.go:47	加载配置文件完成
2025-03-14T15:09:18.262+0800	INFO	initial/entdb.go:18	连接Ent数据库完成
2025-03-14T15:09:18.272+0800	INFO	initial/entdb.go:23	自动迁移Ent数据库完成
2025-03-14T15:09:18.272+0800	INFO	sifu-cert/main.go:35	初始化sqlite数据库客户端完成
2025-03-14T15:09:18.273+0800	INFO	sifu-cert/main.go:37	初始化buntdb内存数据库客户端完成
2025-03-14T15:09:18.273+0800	INFO	sifu-cert/main.go:47	加载配置文件完成
2025-03-14T15:11:03.102+0800	INFO	initial/entdb.go:18	连接Ent数据库完成
2025-03-14T15:11:03.112+0800	INFO	initial/entdb.go:23	自动迁移Ent数据库完成
2025-03-14T15:11:03.112+0800	INFO	sifu-cert/main.go:35	初始化sqlite数据库客户端完成
2025-03-14T15:11:03.112+0800	INFO	sifu-cert/main.go:37	初始化buntdb内存数据库客户端完成
2025-03-14T15:11:03.113+0800	INFO	sifu-cert/main.go:47	加载配置文件完成
2025-03-14T16:05:26.612+0800	INFO	initial/entdb.go:18	连接Ent数据库完成
2025-03-14T16:05:26.646+0800	INFO	initial/entdb.go:23	自动迁移Ent数据库完成
2025-03-14T16:05:26.647+0800	INFO	sifu-cert/main.go:34	初始化sqlite数据库客户端完成
2025-03-14T16:05:26.647+0800	INFO	sifu-cert/main.go:36	初始化buntdb内存数据库客户端完成
2025-03-14T16:05:26.659+0800	INFO	sifu-cert/main.go:46	加载配置文件完成
2025-03-14T16:07:15.771+0800	INFO	initial/entdb.go:18	连接Ent数据库完成
2025-03-14T16:07:15.781+0800	INFO	initial/entdb.go:23	自动迁移Ent数据库完成
2025-03-14T16:07:15.781+0800	INFO	sifu-cert/main.go:34	初始化sqlite数据库客户端完成
2025-03-14T16:07:15.781+0800	INFO	sifu-cert/main.go:36	初始化buntdb内存数据库客户端完成
2025-03-14T16:07:15.781+0800	INFO	sifu-cert/main.go:46	加载配置文件完成
2025-03-14T16:09:02.533+0800	INFO	initial/entdb.go:18	连接Ent数据库完成
2025-03-14T16:09:02.542+0800	INFO	initial/entdb.go:23	自动迁移Ent数据库完成
2025-03-14T16:09:02.543+0800	INFO	sifu-cert/main.go:34	初始化sqlite数据库客户端完成
2025-03-14T16:09:02.543+0800	INFO	sifu-cert/main.go:36	初始化buntdb内存数据库客户端完成
2025-03-14T16:09:02.544+0800	INFO	sifu-cert/main.go:46	加载配置文件完成
2025-03-14T16:09:26.925+0800	INFO	initial/entdb.go:18	连接Ent数据库完成
2025-03-14T16:09:26.934+0800	INFO	initial/entdb.go:23	自动迁移Ent数据库完成
2025-03-14T16:09:26.934+0800	INFO	sifu-cert/main.go:34	初始化sqlite数据库客户端完成
2025-03-14T16:09:26.934+0800	INFO	sifu-cert/main.go:36	初始化buntdb内存数据库客户端完成
2025-03-14T16:09:26.935+0800	INFO	sifu-cert/main.go:46	加载配置文件完成
2025-03-14T16:14:22.791+0800	INFO	initial/entdb.go:18	连接Ent数据库完成
2025-03-14T16:14:22.800+0800	INFO	initial/entdb.go:23	自动迁移Ent数据库完成
2025-03-14T16:14:22.801+0800	INFO	sifu-cert/main.go:34	初始化sqlite数据库客户端完成
2025-03-14T16:14:22.801+0800	INFO	sifu-cert/main.go:36	初始化buntdb内存数据库客户端完成
2025-03-14T16:14:22.801+0800	INFO	sifu-cert/main.go:46	加载配置文件完成
2025-03-14T16:15:43.815+0800	INFO	initial/entdb.go:18	连接Ent数据库完成
2025-03-14T16:15:43.824+0800	INFO	initial/entdb.go:23	自动迁移Ent数据库完成
2025-03-14T16:15:43.825+0800	INFO	sifu-cert/main.go:34	初始化sqlite数据库客户端完成
2025-03-14T16:15:43.825+0800	INFO	sifu-cert/main.go:36	初始化buntdb内存数据库客户端完成
2025-03-14T16:15:43.825+0800	INFO	sifu-cert/main.go:46	加载配置文件完成
2025-03-14T16:16:27.197+0800	INFO	initial/entdb.go:18	连接Ent数据库完成
2025-03-14T16:16:27.207+0800	INFO	initial/entdb.go:23	自动迁移Ent数据库完成
2025-03-14T16:16:27.207+0800	INFO	sifu-cert/main.go:34	初始化sqlite数据库客户端完成
2025-03-14T16:16:27.207+0800	INFO	sifu-cert/main.go:36	初始化buntdb内存数据库客户端完成
2025-03-14T16:16:27.208+0800	INFO	sifu-cert/main.go:46	加载配置文件完成
2025-03-14T16:16:48.212+0800	INFO	initial/entdb.go:18	连接Ent数据库完成
2025-03-14T16:16:48.222+0800	INFO	initial/entdb.go:23	自动迁移Ent数据库完成
2025-03-14T16:16:48.222+0800	INFO	sifu-cert/main.go:34	初始化sqlite数据库客户端完成
2025-03-14T16:16:48.223+0800	INFO	sifu-cert/main.go:36	初始化buntdb内存数据库客户端完成
2025-03-14T16:16:48.223+0800	INFO	sifu-cert/main.go:46	加载配置文件完成
2025-03-14T16:17:43.040+0800	INFO	initial/entdb.go:18	连接Ent数据库完成
2025-03-14T16:17:43.049+0800	INFO	initial/entdb.go:23	自动迁移Ent数据库完成
2025-03-14T16:17:43.050+0800	INFO	sifu-cert/main.go:34	初始化sqlite数据库客户端完成
2025-03-14T16:17:43.050+0800	INFO	sifu-cert/main.go:36	初始化buntdb内存数据库客户端完成
2025-03-14T16:17:43.050+0800	INFO	sifu-cert/main.go:46	加载配置文件完成
2025-03-14T16:18:06.451+0800	INFO	initial/entdb.go:18	连接Ent数据库完成
2025-03-14T16:18:06.460+0800	INFO	initial/entdb.go:23	自动迁移Ent数据库完成
2025-03-14T16:18:06.460+0800	INFO	sifu-cert/main.go:34	初始化sqlite数据库客户端完成
2025-03-14T16:18:06.461+0800	INFO	sifu-cert/main.go:36	初始化buntdb内存数据库客户端完成
2025-03-14T16:18:06.461+0800	INFO	sifu-cert/main.go:46	加载配置文件完成
